<?xml version="1.0" encoding="UTF-8"?>
<!-- Generated by org.testng.reporters.JUnitReportReporter -->
<testsuite name="com.example.wiremock.TestPostRequestWireMock" tests="1" time="3.056" ignored="0" failures="0" timestamp="24 Sep 2020 06:45:07 GMT" skipped="0" hostname="LAPTOP-KO05JLQT" errors="0">
  <testcase name="testGetendPoint" time="3.056" classname="com.example.wiremock.TestPostRequestWireMock"/>
</testsuite> <!-- com.example.wiremock.TestPostRequestWireMock -->
