<?xml version="1.0" encoding="UTF-8"?>
<!-- Generated by org.testng.reporters.JUnitReportReporter -->
<testsuite name="com.example.wiremock.TestPutRequestWireMock" tests="1" time="3.155" ignored="0" failures="0" timestamp="24 Sep 2020 05:59:06 GMT" skipped="0" hostname="LAPTOP-KO05JLQT" errors="0">
  <testcase name="testGetendPoint" time="3.155" classname="com.example.wiremock.TestPutRequestWireMock"/>
</testsuite> <!-- com.example.wiremock.TestPutRequestWireMock -->
