<?xml version="1.0" encoding="UTF-8"?>
<!-- Generated by org.testng.reporters.JUnitReportReporter -->
<testsuite name="CucumberRunner.TestRunner" tests="4" time="4.203" ignored="0" failures="0" timestamp="25 Sep 2020 15:53:01 GMT" skipped="0" hostname="LAPTOP-KO05JLQT" errors="0">
  <testcase name="feature" time="0.148" classname="CucumberRunner.TestRunner"/>
  <testcase name="feature" time="0.159" classname="CucumberRunner.TestRunner"/>
  <testcase name="feature" time="0.213" classname="CucumberRunner.TestRunner"/>
  <testcase name="feature" time="3.683" classname="CucumberRunner.TestRunner"/>
</testsuite> <!-- CucumberRunner.TestRunner -->
