<?xml version="1.0" encoding="UTF-8"?>
<!-- Generated by org.testng.reporters.JUnitReportReporter -->
<testsuite name="com.example.restAssured.GetRequest" tests="1" time="2.541" ignored="0" failures="0" timestamp="23 Sep 2020 19:24:16 GMT" skipped="0" hostname="LAPTOP-KO05JLQT" errors="0">
  <testcase name="testGetendPoint" time="2.541" classname="com.example.restAssured.GetRequest"/>
</testsuite> <!-- com.example.restAssured.GetRequest -->
