<?xml version="1.0" encoding="UTF-8"?>
<!-- Generated by org.testng.reporters.JUnitReportReporter -->
<testsuite name="com.example.wiremock.TestGetRequestWireMock" tests="1" time="49.895" ignored="0" failures="0" timestamp="24 Sep 2020 04:46:53 GMT" skipped="0" hostname="LAPTOP-KO05JLQT" errors="0">
  <testcase name="testGetendPoint" time="49.895" classname="com.example.wiremock.TestGetRequestWireMock"/>
</testsuite> <!-- com.example.wiremock.TestGetRequestWireMock -->
